<?xml version="1.0" encoding="UTF-8"?>
<!-- Generated by org.testng.reporters.JUnitXMLReporter -->
<testsuite ignored="0" hostname="DESKTOP-QKUP3QK" failures="1" tests="1" name="Smoke" time="10.354" errors="0" timestamp="2025-09-09T18:03:56 IST">
  <testcase classname="tests.ManagerDashboardTest" name="verifyValidLogin" time="9.527">
    <failure type="java.lang.AssertionError" message="Sum of all categories should match Total KRAS expected [79] but found [84]">
      <![CDATA[java.lang.AssertionError: Sum of all categories should match Total KRAS expected [79] but found [84]
at tests.ManagerDashboardTest.verifyValidLogin(ManagerDashboardTest.java:43)
at java.base/java.util.ArrayList.forEach(ArrayList.java:1596)
... Removed 31 stack frames]]>
    </failure>
  </testcase> <!-- verifyValidLogin -->
</testsuite> <!-- Smoke -->
