<?xml version="1.0" encoding="UTF-8"?>
<testng-results ignored="0" total="1" passed="0" failed="1" skipped="0">
  <reporter-output>
  </reporter-output>
  <suite started-at="2025-09-09T18:03:44 IST" name="POM Suite" finished-at="2025-09-09T18:03:54 IST" duration-ms="10354">
    <groups>
    </groups>
    <test started-at="2025-09-09T18:03:44 IST" name="Smoke" finished-at="2025-09-09T18:03:54 IST" duration-ms="10354">
      <class name="tests.ManagerDashboardTest">
        <test-method is-config="true" signature="setUpSuite()[pri:0, instance:tests.ManagerDashboardTest@40005471]" started-at="2025-09-09T18:03:41 IST" name="setUpSuite" finished-at="2025-09-09T18:03:44 IST" duration-ms="3378" status="PASS">
          <reporter-output>
          </reporter-output>
        </test-method> <!-- setUpSuite -->
        <test-method signature="verifyValidLogin()[pri:0, instance:tests.ManagerDashboardTest@40005471]" started-at="2025-09-09T18:03:45 IST" name="verifyValidLogin" finished-at="2025-09-09T18:03:54 IST" duration-ms="9527" status="FAIL">
          <exception class="java.lang.AssertionError">
            <message>
              <![CDATA[Sum of all categories should match Total KRAS expected [79] but found [84]]]>
            </message>
            <full-stacktrace>
              <![CDATA[java.lang.AssertionError: Sum of all categories should match Total KRAS expected [79] but found [84]
at org.testng.Assert.fail(Assert.java:111)
at org.testng.Assert.failNotEquals(Assert.java:1590)
at org.testng.Assert.assertEqualsImpl(Assert.java:150)
at org.testng.Assert.assertEquals(Assert.java:132)
at org.testng.Assert.assertEquals(Assert.java:1431)
at org.testng.Assert.assertEquals(Assert.java:1395)
at tests.ManagerDashboardTest.verifyValidLogin(ManagerDashboardTest.java:43)
at java.base/jdk.internal.reflect.DirectMethodHandleAccessor.invoke(DirectMethodHandleAccessor.java:103)
at java.base/java.lang.reflect.Method.invoke(Method.java:580)
at org.testng.internal.invokers.MethodInvocationHelper.invokeMethod(MethodInvocationHelper.java:141)
at org.testng.internal.invokers.TestInvoker.invokeMethod(TestInvoker.java:687)
at org.testng.internal.invokers.TestInvoker.invokeTestMethod(TestInvoker.java:230)
at org.testng.internal.invokers.MethodRunner.runInSequence(MethodRunner.java:63)
at org.testng.internal.invokers.TestInvoker$MethodInvocationAgent.invoke(TestInvoker.java:995)
at org.testng.internal.invokers.TestInvoker.invokeTestMethods(TestInvoker.java:203)
at org.testng.internal.invokers.TestMethodWorker.invokeTestMethods(TestMethodWorker.java:154)
at org.testng.internal.invokers.TestMethodWorker.run(TestMethodWorker.java:134)
at java.base/java.util.ArrayList.forEach(ArrayList.java:1596)
at org.testng.TestRunner.privateRun(TestRunner.java:741)
at org.testng.TestRunner.run(TestRunner.java:616)
at org.testng.SuiteRunner.runTest(SuiteRunner.java:421)
at org.testng.SuiteRunner.runSequentially(SuiteRunner.java:413)
at org.testng.SuiteRunner.privateRun(SuiteRunner.java:373)
at org.testng.SuiteRunner.run(SuiteRunner.java:312)
at org.testng.SuiteRunnerWorker.runSuite(SuiteRunnerWorker.java:52)
at org.testng.SuiteRunnerWorker.run(SuiteRunnerWorker.java:95)
at org.testng.TestNG.runSuitesSequentially(TestNG.java:1274)
at org.testng.TestNG.runSuitesLocally(TestNG.java:1208)
at org.testng.TestNG.runSuites(TestNG.java:1112)
at org.testng.TestNG.run(TestNG.java:1079)
at org.testng.remote.AbstractRemoteTestNG.run(AbstractRemoteTestNG.java:115)
at org.testng.remote.RemoteTestNG.initAndRun(RemoteTestNG.java:293)
at org.testng.remote.RemoteTestNG.main(RemoteTestNG.java:91)
]]>
            </full-stacktrace>
          </exception> <!-- java.lang.AssertionError -->
          <reporter-output>
          </reporter-output>
        </test-method> <!-- verifyValidLogin -->
        <test-method is-config="true" signature="tearDownSuite()[pri:0, instance:tests.ManagerDashboardTest@40005471]" started-at="2025-09-09T18:03:56 IST" name="tearDownSuite" finished-at="2025-09-09T18:03:57 IST" duration-ms="979" status="PASS">
          <reporter-output>
          </reporter-output>
        </test-method> <!-- tearDownSuite -->
      </class> <!-- tests.ManagerDashboardTest -->
    </test> <!-- Smoke -->
  </suite> <!-- POM Suite -->
</testng-results>
